<?xml version="1.0" encoding="UTF-8"?>
<testng-results skipped="0" failed="0" total="1" passed="1">
  <reporter-output>
  </reporter-output>
  <suite name="test.com.SmptestNGTest" duration-ms="15533" started-at="2019-04-06T01:30:26Z" finished-at="2019-04-06T01:30:41Z">
    <groups>
    </groups>
    <test name="Command line test" duration-ms="15533" started-at="2019-04-06T01:30:26Z" finished-at="2019-04-06T01:30:41Z">
      <class name="test.com.SmptestNGTest">
        <test-method status="PASS" signature="setUpClass()[pri:0, instance:test.com.SmptestNGTest@2752f6e2]" name="setUpClass" is-config="true" duration-ms="8" started-at="2019-04-05T20:30:26Z" finished-at="2019-04-05T20:30:26Z">
          <reporter-output>
          </reporter-output>
        </test-method> <!-- setUpClass -->
        <test-method status="PASS" signature="setUpMethod()[pri:0, instance:test.com.SmptestNGTest@2752f6e2]" name="setUpMethod" is-config="true" duration-ms="4046" started-at="2019-04-05T20:30:26Z" finished-at="2019-04-05T20:30:30Z">
          <reporter-output>
          </reporter-output>
        </test-method> <!-- setUpMethod -->
        <test-method status="PASS" signature="testUntitledTestCase1()[pri:0, instance:test.com.SmptestNGTest@2752f6e2]" name="testUntitledTestCase1" duration-ms="11468" started-at="2019-04-05T20:30:30Z" finished-at="2019-04-05T20:30:41Z">
          <reporter-output>
          </reporter-output>
        </test-method> <!-- testUntitledTestCase1 -->
        <test-method status="PASS" signature="tearDownMethod()[pri:0, instance:test.com.SmptestNGTest@2752f6e2]" name="tearDownMethod" is-config="true" duration-ms="1" started-at="2019-04-05T20:30:41Z" finished-at="2019-04-05T20:30:41Z">
          <reporter-output>
          </reporter-output>
        </test-method> <!-- tearDownMethod -->
        <test-method status="PASS" signature="tearDownClass()[pri:0, instance:test.com.SmptestNGTest@2752f6e2]" name="tearDownClass" is-config="true" duration-ms="0" started-at="2019-04-05T20:30:41Z" finished-at="2019-04-05T20:30:41Z">
          <reporter-output>
          </reporter-output>
        </test-method> <!-- tearDownClass -->
      </class> <!-- test.com.SmptestNGTest -->
    </test> <!-- Command line test -->
  </suite> <!-- test.com.SmptestNGTest -->
</testng-results>
